<?xml version="1.0" encoding="UTF-8"?>
<!-- Generated by org.testng.reporters.JUnitXMLReporter -->
<testsuite hostname="Manokaran" ignored="0" name="Test" tests="10" failures="1" timestamp="13 Jul 2020 20:14:42 GMT" time="0.069" errors="0">
  <testcase name="methodAdd" time="0.008" classname="maventest.ArithmeticOperation"/>
  <testcase name="methodDiv" time="0.001" classname="maventest.ArithmeticOperation">
    <skipped/>
  </testcase> <!-- methodDiv -->
  <testcase name="methodMul" time="0.001" classname="maventest.ArithmeticOperation">
    <skipped/>
  </testcase> <!-- methodMul -->
  <testcase name="methodSub" time="0.001" classname="maventest.ArithmeticOperation">
    <skipped/>
  </testcase> <!-- methodSub -->
  <testcase name="methodAnd" time="0.002" classname="maventest.LogicalOperation">
    <skipped/>
  </testcase> <!-- methodAnd -->
  <testcase name="methodOr" time="0.002" classname="maventest.LogicalOperation"/>
  <testcase name="methodGreaterThan" time="0.001" classname="maventest.RelationalOperation">
    <skipped/>
  </testcase> <!-- methodGreaterThan -->
  <testcase name="methodGreaterThanOrEqual" time="0.003" classname="maventest.RelationalOperation">
    <skipped/>
  </testcase> <!-- methodGreaterThanOrEqual -->
  <testcase name="methodLessThan" time="0.002" classname="maventest.RelationalOperation">
    <failure type="java.lang.AssertionError" message="expected [true] but found [false]">
      <![CDATA[java.lang.AssertionError: expected [true] but found [false]
at maventest.RelationalOperation.methodLessThan(RelationalOperation.java:54)
... Removed 31 stack frames]]>
    </failure>
  </testcase> <!-- methodLessThan -->
  <testcase name="methodLessThanOrEqual" time="0.001" classname="maventest.RelationalOperation">
    <skipped/>
  </testcase> <!-- methodLessThanOrEqual -->
</testsuite> <!-- Test -->
